<?xml version="1.0" encoding="utf-8"?><testsuites name="pytest tests"><testsuite name="pytest" errors="0" failures="2" skipped="3" tests="42" time="57.975" timestamp="2025-12-31T21:40:15.624107+00:00" hostname="agent-env-43ed03eb-eaa1-45c6-9238-148b21da00ef"><testcase classname="tests.test_bas_workflow.TestBASStatus" name="test_bas_status_no_auth" time="0.092" /><testcase classname="tests.test_bas_workflow.TestBASSave" name="test_save_bas_no_auth" time="0.012" /><testcase classname="tests.test_bas_workflow.TestBASSave" name="test_save_bas_staff" time="4.740" /><testcase classname="tests.test_bas_workflow.TestBASSave" name="test_save_bas_client_forbidden" time="1.120"><skipped type="pytest.skip" message="Client authentication failed">/app/tests/test_bas_workflow.py:188: Client authentication failed</skipped></testcase><testcase classname="tests.test_bas_workflow.TestBASHistory" name="test_get_history_no_auth" time="0.050" /><testcase classname="tests.test_bas_workflow.TestBASHistory" name="test_get_history_staff" time="1.311" /><testcase classname="tests.test_bas_workflow.TestWorkflowInitialize" name="test_initialize_workflow_no_auth" time="0.010" /><testcase classname="tests.test_bas_workflow.TestWorkflowInitialize" name="test_initialize_workflow_staff" time="2.792" /><testcase classname="tests.test_bas_workflow.TestWorkflowInitialize" name="test_initialize_workflow_skip_approval" time="5.404" /><testcase classname="tests.test_bas_workflow.TestWorkflowStatus" name="test_get_workflow_status_no_auth" time="0.010" /><testcase classname="tests.test_bas_workflow.TestWorkflowStatus" name="test_get_workflow_status" time="1.126" /><testcase classname="tests.test_bas_workflow.TestWorkflowStatus" name="test_get_workflow_status_no_workflow" time="3.735" /><testcase classname="tests.test_bas_workflow.TestWorkflowStepComplete" name="test_complete_step_no_auth" time="0.011" /><testcase classname="tests.test_bas_workflow.TestWorkflowStepComplete" name="test_complete_prepare_step" time="2.979" /><testcase classname="tests.test_bas_workflow.TestWorkflowStepComplete" name="test_complete_review_step" time="4.373" /><testcase classname="tests.test_bas_workflow.TestWorkflowStepComplete" name="test_complete_already_completed_step" time="1.124" /><testcase classname="tests.test_bas_workflow.TestWorkflowStepReject" name="test_reject_step_no_auth" time="0.012" /><testcase classname="tests.test_bas_workflow.TestWorkflowStepReject" name="test_reject_approve_step" time="0.000"><skipped type="pytest.skip" message="Client authentication failed">/app/tests/test_bas_workflow.py:447: Client authentication failed</skipped></testcase><testcase classname="tests.test_bas_workflow.TestWorkflowStepAssign" name="test_assign_step_no_auth" time="0.010" /><testcase classname="tests.test_bas_workflow.TestWorkflowStepAssign" name="test_assign_review_step" time="2.650" /><testcase classname="tests.test_bas_workflow.TestPendingSteps" name="test_pending_steps_no_auth" time="0.011" /><testcase classname="tests.test_bas_workflow.TestPendingSteps" name="test_pending_steps_staff" time="1.312" /><testcase classname="tests.test_bas_workflow.TestPendingSteps" name="test_pending_steps_tax_agent" time="1.310" /><testcase classname="tests.test_bas_workflow.TestGroupedHistory" name="test_grouped_history_no_auth" time="0.012" /><testcase classname="tests.test_bas_workflow.TestGroupedHistory" name="test_grouped_history_by_quarter" time="1.312" /><testcase classname="tests.test_bas_workflow.TestGroupedHistory" name="test_grouped_history_by_month" time="1.124" /><testcase classname="tests.test_bas_workflow.TestGroupedHistory" name="test_grouped_history_by_year" time="1.125" /><testcase classname="tests.test_bas_workflow.TestGroupedHistory" name="test_grouped_history_with_year_filter" time="1.314" /><testcase classname="tests.test_bas_workflow.TestGroupedHistory" name="test_grouped_history_include_drafts" time="1.126" /><testcase classname="tests.test_bas_workflow.TestPeriodComparison" name="test_compare_periods_no_auth" time="0.009" /><testcase classname="tests.test_bas_workflow.TestPeriodComparison" name="test_compare_with_previous" time="1.145"><failure message="assert 520 == 200&#10; +  where 520 = &lt;Response [520]&gt;.status_code">tests/test_bas_workflow.py:653: in test_compare_with_previous
    assert response.status_code == 200
E   assert 520 == 200
E    +  where 520 = &lt;Response [520]&gt;.status_code</failure></testcase><testcase classname="tests.test_bas_workflow.TestPeriodComparison" name="test_compare_with_same_last_year" time="1.312" /><testcase classname="tests.test_bas_workflow.TestExistingBASEndpoints" name="test_get_single_bas" time="1.498" /><testcase classname="tests.test_bas_workflow.TestExistingBASEndpoints" name="test_sign_off_bas" time="5.409" /><testcase classname="tests.test_bas_workflow.TestExistingBASEndpoints" name="test_generate_pdf_data" time="1.124" /><testcase classname="tests.test_bas_workflow.TestExistingBASEndpoints" name="test_save_change_log" time="2.423" /><testcase classname="tests.test_bas_workflow.TestExistingBASEndpoints" name="test_get_change_log" time="1.309" /><testcase classname="tests.test_bas_workflow.TestWorkflowFullFlow" name="test_complete_workflow_flow" time="0.000"><skipped type="pytest.skip" message="Client authentication failed">/app/tests/test_bas_workflow.py:805: Client authentication failed</skipped></testcase><testcase classname="tests.test_bas_workflow.TestEdgeCases" name="test_invalid_bas_id" time="0.010"><failure message="assert 520 in [400, 422, 500]&#10; +  where 520 = &lt;Response [520]&gt;.status_code">tests/test_bas_workflow.py:877: in test_invalid_bas_id
    assert response.status_code in [400, 422, 500]
E   assert 520 in [400, 422, 500]
E    +  where 520 = &lt;Response [520]&gt;.status_code</failure></testcase><testcase classname="tests.test_bas_workflow.TestEdgeCases" name="test_nonexistent_bas_id" time="1.124" /><testcase classname="tests.test_bas_workflow.TestEdgeCases" name="test_invalid_step_type" time="1.123" /><testcase classname="tests.test_bas_workflow.TestEdgeCases" name="test_grouped_history_invalid_group_by" time="1.125" /></testsuite></testsuites>