<?xml version="1.0" encoding="utf-8"?><testsuites name="pytest tests"><testsuite name="pytest" errors="0" failures="2" skipped="0" tests="42" time="81.899" timestamp="2025-12-31T21:42:54.954654+00:00" hostname="agent-env-43ed03eb-eaa1-45c6-9238-148b21da00ef"><testcase classname="tests.test_bas_workflow.TestBASStatus" name="test_bas_status_no_auth" time="0.094" /><testcase classname="tests.test_bas_workflow.TestBASSave" name="test_save_bas_no_auth" time="0.012" /><testcase classname="tests.test_bas_workflow.TestBASSave" name="test_save_bas_staff" time="4.360" /><testcase classname="tests.test_bas_workflow.TestBASSave" name="test_save_bas_client_forbidden" time="1.123"><failure message="AttributeError: 'NoneType' object has no attribute 'post'">tests/test_bas_workflow.py:193: in test_save_bas_client_forbidden
    response = client_client.post(f"{BASE_URL}/api/bas/save", json={
               ^^^^^^^^^^^^^^^^^^
E   AttributeError: 'NoneType' object has no attribute 'post'</failure></testcase><testcase classname="tests.test_bas_workflow.TestBASHistory" name="test_get_history_no_auth" time="0.012" /><testcase classname="tests.test_bas_workflow.TestBASHistory" name="test_get_history_staff" time="1.124" /><testcase classname="tests.test_bas_workflow.TestWorkflowInitialize" name="test_initialize_workflow_no_auth" time="0.022" /><testcase classname="tests.test_bas_workflow.TestWorkflowInitialize" name="test_initialize_workflow_staff" time="2.793" /><testcase classname="tests.test_bas_workflow.TestWorkflowInitialize" name="test_initialize_workflow_skip_approval" time="5.442" /><testcase classname="tests.test_bas_workflow.TestWorkflowStatus" name="test_get_workflow_status_no_auth" time="0.011" /><testcase classname="tests.test_bas_workflow.TestWorkflowStatus" name="test_get_workflow_status" time="1.122" /><testcase classname="tests.test_bas_workflow.TestWorkflowStatus" name="test_get_workflow_status_no_workflow" time="3.730" /><testcase classname="tests.test_bas_workflow.TestWorkflowStepComplete" name="test_complete_step_no_auth" time="0.011" /><testcase classname="tests.test_bas_workflow.TestWorkflowStepComplete" name="test_complete_prepare_step" time="2.978" /><testcase classname="tests.test_bas_workflow.TestWorkflowStepComplete" name="test_complete_review_step" time="4.374" /><testcase classname="tests.test_bas_workflow.TestWorkflowStepComplete" name="test_complete_already_completed_step" time="1.164" /><testcase classname="tests.test_bas_workflow.TestWorkflowStepReject" name="test_reject_step_no_auth" time="0.010" /><testcase classname="tests.test_bas_workflow.TestWorkflowStepReject" name="test_reject_review_step" time="11.783" /><testcase classname="tests.test_bas_workflow.TestWorkflowStepAssign" name="test_assign_step_no_auth" time="0.011" /><testcase classname="tests.test_bas_workflow.TestWorkflowStepAssign" name="test_assign_review_step" time="2.460" /><testcase classname="tests.test_bas_workflow.TestPendingSteps" name="test_pending_steps_no_auth" time="0.010" /><testcase classname="tests.test_bas_workflow.TestPendingSteps" name="test_pending_steps_staff" time="1.123" /><testcase classname="tests.test_bas_workflow.TestPendingSteps" name="test_pending_steps_tax_agent" time="1.171" /><testcase classname="tests.test_bas_workflow.TestGroupedHistory" name="test_grouped_history_no_auth" time="0.010" /><testcase classname="tests.test_bas_workflow.TestGroupedHistory" name="test_grouped_history_by_quarter" time="1.163" /><testcase classname="tests.test_bas_workflow.TestGroupedHistory" name="test_grouped_history_by_month" time="1.123" /><testcase classname="tests.test_bas_workflow.TestGroupedHistory" name="test_grouped_history_by_year" time="1.162" /><testcase classname="tests.test_bas_workflow.TestGroupedHistory" name="test_grouped_history_with_year_filter" time="1.122" /><testcase classname="tests.test_bas_workflow.TestGroupedHistory" name="test_grouped_history_include_drafts" time="1.122" /><testcase classname="tests.test_bas_workflow.TestPeriodComparison" name="test_compare_periods_no_auth" time="0.009" /><testcase classname="tests.test_bas_workflow.TestPeriodComparison" name="test_compare_with_previous_safe_dates" time="1.122"><failure message="AssertionError: assert 'current_period' in {'error': 'No BAS found for the specified period'}">tests/test_bas_workflow.py:689: in test_compare_with_previous_safe_dates
    assert "current_period" in data
E   AssertionError: assert 'current_period' in {'error': 'No BAS found for the specified period'}</failure></testcase><testcase classname="tests.test_bas_workflow.TestPeriodComparison" name="test_compare_with_same_last_year" time="1.310" /><testcase classname="tests.test_bas_workflow.TestExistingBASEndpoints" name="test_get_single_bas" time="1.309" /><testcase classname="tests.test_bas_workflow.TestExistingBASEndpoints" name="test_sign_off_bas" time="5.261" /><testcase classname="tests.test_bas_workflow.TestExistingBASEndpoints" name="test_generate_pdf_data" time="1.124" /><testcase classname="tests.test_bas_workflow.TestExistingBASEndpoints" name="test_save_change_log" time="2.235" /><testcase classname="tests.test_bas_workflow.TestExistingBASEndpoints" name="test_get_change_log" time="1.123" /><testcase classname="tests.test_bas_workflow.TestWorkflowFullFlow" name="test_complete_workflow_flow_skip_approval" time="14.226" /><testcase classname="tests.test_bas_workflow.TestEdgeCases" name="test_invalid_bas_id" time="0.010" /><testcase classname="tests.test_bas_workflow.TestEdgeCases" name="test_nonexistent_bas_id" time="1.123" /><testcase classname="tests.test_bas_workflow.TestEdgeCases" name="test_invalid_step_type" time="1.123" /><testcase classname="tests.test_bas_workflow.TestEdgeCases" name="test_grouped_history_invalid_group_by" time="1.123" /></testsuite></testsuites>