<?xml version="1.0" encoding="utf-8"?><testsuites name="pytest tests"><testsuite name="pytest" errors="0" failures="2" skipped="0" tests="27" time="43.882" timestamp="2026-01-01T11:02:14.299202+00:00" hostname="agent-env-634ccdb5-b457-4291-a16b-8e19d49d2253"><testcase classname="tests.test_clients_api.TestAuthentication" name="test_missing_api_key_returns_401" time="0.078" /><testcase classname="tests.test_clients_api.TestAuthentication" name="test_invalid_api_key_returns_401" time="0.042" /><testcase classname="tests.test_clients_api.TestAuthentication" name="test_valid_api_key_accepted" time="1.332" /><testcase classname="tests.test_clients_api.TestLinkOrCreateOriginal" name="test_create_new_client" time="1.373" /><testcase classname="tests.test_clients_api.TestLinkOrCreateOriginal" name="test_link_by_email" time="2.672" /><testcase classname="tests.test_clients_api.TestLinkOrCreateOriginal" name="test_link_by_abn" time="3.204" /><testcase classname="tests.test_clients_api.TestLinkOrCreateOriginal" name="test_missing_required_fields" time="0.097" /><testcase classname="tests.test_clients_api.TestLinkOrCreateOriginal" name="test_invalid_email_format" time="0.039" /><testcase classname="tests.test_clients_api.TestLinkOrCreateV1" name="test_v1_create_new_client" time="1.328" /><testcase classname="tests.test_clients_api.TestLinkOrCreateV1" name="test_v1_link_by_email" time="2.631" /><testcase classname="tests.test_clients_api.TestLinkOrCreateV1" name="test_v1_and_original_share_data" time="2.658" /><testcase classname="tests.test_clients_api.TestLinkOrCreateV1" name="test_v1_authentication_required" time="0.037" /><testcase classname="tests.test_clients_api.TestGetClient" name="test_get_client_by_id" time="2.829"><failure message="AssertionError: assert 'Phase 4 Test Company Pty Ltd' == 'TEST Get Client 3711ab74'&#10;  &#10;  - TEST Get Client 3711ab74&#10;  + Phase 4 Test Company Pty Ltd">tests/test_clients_api.py:347: in test_get_client_by_id
    assert data["name"] == f"TEST Get Client {unique_id}"
E   AssertionError: assert 'Phase 4 Test Company Pty Ltd' == 'TEST Get Client 3711ab74'
E     
E     - TEST Get Client 3711ab74
E     + Phase 4 Test Company Pty Ltd</failure></testcase><testcase classname="tests.test_clients_api.TestGetClient" name="test_get_nonexistent_client" time="1.164" /><testcase classname="tests.test_clients_api.TestListClients" name="test_list_clients" time="1.156" /><testcase classname="tests.test_clients_api.TestListClients" name="test_list_clients_with_limit" time="1.186" /><testcase classname="tests.test_clients_api.TestListClients" name="test_list_clients_with_offset" time="2.257" /><testcase classname="tests.test_clients_api.TestListClients" name="test_list_clients_filter_by_myfdc_link" time="1.339" /><testcase classname="tests.test_clients_api.TestLinkCRM" name="test_link_crm_client" time="2.674"><failure message="assert 520 == 200&#10; +  where 520 = &lt;Response [520]&gt;.status_code">tests/test_clients_api.py:447: in test_link_crm_client
    assert link_response.status_code == 200
E   assert 520 == 200
E    +  where 520 = &lt;Response [520]&gt;.status_code</failure></testcase><testcase classname="tests.test_clients_api.TestLinkCRM" name="test_link_crm_nonexistent_client" time="1.145" /><testcase classname="tests.test_clients_api.TestGoldenTestClient" name="test_get_golden_test_client" time="1.161" /><testcase classname="tests.test_clients_api.TestGoldenTestClient" name="test_golden_test_client_idempotent" time="2.307" /><testcase classname="tests.test_clients_api.TestEmailNormalization" name="test_email_case_insensitive" time="2.631" /><testcase classname="tests.test_clients_api.TestABNNormalization" name="test_abn_with_spaces" time="3.038" /><testcase classname="tests.test_clients_api.TestResponseStructure" name="test_link_or_create_response_structure" time="1.331" /><testcase classname="tests.test_clients_api.TestResponseStructure" name="test_client_response_structure" time="2.629" /><testcase classname="tests.test_clients_api.TestResponseStructure" name="test_client_list_item_structure" time="1.363" /></testsuite></testsuites>