<?xml version="1.0" encoding="utf-8"?><testsuites name="pytest tests"><testsuite name="pytest" errors="0" failures="0" skipped="0" tests="28" time="47.767" timestamp="2026-01-01T11:06:17.073661+00:00" hostname="agent-env-634ccdb5-b457-4291-a16b-8e19d49d2253"><testcase classname="tests.test_clients_api.TestAuthentication" name="test_missing_api_key_returns_401" time="0.062" /><testcase classname="tests.test_clients_api.TestAuthentication" name="test_invalid_api_key_returns_401" time="0.038" /><testcase classname="tests.test_clients_api.TestAuthentication" name="test_valid_api_key_accepted" time="1.338" /><testcase classname="tests.test_clients_api.TestLinkOrCreateOriginal" name="test_create_new_client" time="1.710" /><testcase classname="tests.test_clients_api.TestLinkOrCreateOriginal" name="test_link_by_email" time="2.826" /><testcase classname="tests.test_clients_api.TestLinkOrCreateOriginal" name="test_link_by_abn" time="3.214" /><testcase classname="tests.test_clients_api.TestLinkOrCreateOriginal" name="test_missing_required_fields" time="0.144" /><testcase classname="tests.test_clients_api.TestLinkOrCreateOriginal" name="test_invalid_email_format" time="0.043" /><testcase classname="tests.test_clients_api.TestLinkOrCreateV1" name="test_v1_create_new_client" time="1.332" /><testcase classname="tests.test_clients_api.TestLinkOrCreateV1" name="test_v1_link_by_email" time="2.638" /><testcase classname="tests.test_clients_api.TestLinkOrCreateV1" name="test_v1_and_original_share_data" time="2.655" /><testcase classname="tests.test_clients_api.TestLinkOrCreateV1" name="test_v1_authentication_required" time="0.036" /><testcase classname="tests.test_clients_api.TestGetClient" name="test_get_client_by_id" time="2.454" /><testcase classname="tests.test_clients_api.TestGetClient" name="test_get_nonexistent_client" time="1.165" /><testcase classname="tests.test_clients_api.TestListClients" name="test_list_clients" time="1.150" /><testcase classname="tests.test_clients_api.TestListClients" name="test_list_clients_with_limit" time="1.148" /><testcase classname="tests.test_clients_api.TestListClients" name="test_list_clients_with_offset" time="2.317" /><testcase classname="tests.test_clients_api.TestListClients" name="test_list_clients_filter_by_myfdc_link" time="1.392" /><testcase classname="tests.test_clients_api.TestLinkCRM" name="test_link_crm_client" time="3.945" /><testcase classname="tests.test_clients_api.TestLinkCRM" name="test_link_crm_invalid_uuid_format" time="2.474" /><testcase classname="tests.test_clients_api.TestLinkCRM" name="test_link_crm_nonexistent_client" time="1.150" /><testcase classname="tests.test_clients_api.TestGoldenTestClient" name="test_get_golden_test_client" time="1.371" /><testcase classname="tests.test_clients_api.TestGoldenTestClient" name="test_golden_test_client_idempotent" time="2.271" /><testcase classname="tests.test_clients_api.TestEmailNormalization" name="test_email_case_insensitive" time="2.662" /><testcase classname="tests.test_clients_api.TestABNNormalization" name="test_abn_with_spaces" time="3.009" /><testcase classname="tests.test_clients_api.TestResponseStructure" name="test_link_or_create_response_structure" time="1.350" /><testcase classname="tests.test_clients_api.TestResponseStructure" name="test_client_response_structure" time="2.649" /><testcase classname="tests.test_clients_api.TestResponseStructure" name="test_client_list_item_structure" time="1.147" /></testsuite></testsuites>