<?xml version="1.0" encoding="utf-8"?><testsuites name="pytest tests"><testsuite name="pytest" errors="0" failures="0" skipped="0" tests="42" time="108.709" timestamp="2025-12-31T23:04:34.674893+00:00" hostname="agent-env-43ed03eb-eaa1-45c6-9238-148b21da00ef"><testcase classname="tests.test_core_module.TestCoreStatus" name="test_core_status_returns_ok" time="0.073" /><testcase classname="tests.test_core_module.TestCoreStatus" name="test_core_status_has_feature_flags" time="0.038" /><testcase classname="tests.test_core_module.TestCoreStatus" name="test_core_status_shows_encryption_status" time="0.040" /><testcase classname="tests.test_core_module.TestCoreStatus" name="test_core_status_shows_internal_auth_status" time="0.037" /><testcase classname="tests.test_core_module.TestAuthentication" name="test_client_profiles_requires_auth" time="0.038" /><testcase classname="tests.test_core_module.TestAuthentication" name="test_admin_can_access_profiles" time="2.508" /><testcase classname="tests.test_core_module.TestAuthentication" name="test_staff_can_access_profiles" time="2.505" /><testcase classname="tests.test_core_module.TestAuthentication" name="test_tax_agent_can_access_profiles" time="2.522" /><testcase classname="tests.test_core_module.TestInternalApiKeyAuth" name="test_migration_endpoint_requires_api_key" time="0.036" /><testcase classname="tests.test_core_module.TestInternalApiKeyAuth" name="test_invalid_api_key_rejected" time="0.037" /><testcase classname="tests.test_core_module.TestInternalApiKeyAuth" name="test_valid_api_key_accepted" time="2.834" /><testcase classname="tests.test_core_module.TestInternalApiKeyAuth" name="test_service_name_header_logged" time="2.443" /><testcase classname="tests.test_core_module.TestClientProfileCRUD" name="test_create_client_profile_admin" time="3.788" /><testcase classname="tests.test_core_module.TestClientProfileCRUD" name="test_create_client_profile_staff" time="3.799" /><testcase classname="tests.test_core_module.TestClientProfileCRUD" name="test_create_client_profile_tax_agent_forbidden" time="1.414" /><testcase classname="tests.test_core_module.TestClientProfileCRUD" name="test_create_duplicate_client_code_rejected" time="2.542" /><testcase classname="tests.test_core_module.TestClientProfileCRUD" name="test_list_client_profiles" time="2.547" /><testcase classname="tests.test_core_module.TestClientProfileCRUD" name="test_search_client_profiles" time="2.531" /><testcase classname="tests.test_core_module.TestClientProfileCRUD" name="test_filter_by_entity_type" time="2.537" /><testcase classname="tests.test_core_module.TestClientProfileCRUD" name="test_filter_by_status" time="2.919" /><testcase classname="tests.test_core_module.TestClientProfileCRUD" name="test_get_profile_by_id" time="3.676" /><testcase classname="tests.test_core_module.TestClientProfileCRUD" name="test_get_profile_by_code" time="2.507" /><testcase classname="tests.test_core_module.TestClientProfileCRUD" name="test_get_nonexistent_profile_returns_404" time="2.585" /><testcase classname="tests.test_core_module.TestClientProfileCRUD" name="test_update_client_profile" time="6.221" /><testcase classname="tests.test_core_module.TestClientProfileCRUD" name="test_update_profile_tax_agent_forbidden" time="3.948" /><testcase classname="tests.test_core_module.TestClientProfileCRUD" name="test_delete_profile_admin_only" time="8.711" /><testcase classname="tests.test_core_module.TestTFNMasking" name="test_tfn_masked_by_default" time="4.933" /><testcase classname="tests.test_core_module.TestTFNMasking" name="test_staff_cannot_view_decrypted_tfn" time="4.112" /><testcase classname="tests.test_core_module.TestMigrationEndpoints" name="test_migrate_single_client" time="2.428" /><testcase classname="tests.test_core_module.TestMigrationEndpoints" name="test_migrate_client_with_luna_field_mapping" time="2.448" /><testcase classname="tests.test_core_module.TestMigrationEndpoints" name="test_migrate_existing_client_skipped" time="1.142" /><testcase classname="tests.test_core_module.TestMigrationEndpoints" name="test_migrate_missing_client_code_fails" time="0.040" /><testcase classname="tests.test_core_module.TestMigrationEndpoints" name="test_batch_migration" time="5.592" /><testcase classname="tests.test_core_module.TestMigrationEndpoints" name="test_batch_migration_partial_failure" time="2.645" /><testcase classname="tests.test_core_module.TestMigrationEndpoints" name="test_migration_status_with_api_key" time="1.151" /><testcase classname="tests.test_core_module.TestMigrationEndpoints" name="test_migration_status_with_admin_jwt" time="2.536" /><testcase classname="tests.test_core_module.TestPagination" name="test_list_with_limit" time="2.508" /><testcase classname="tests.test_core_module.TestPagination" name="test_list_with_offset" time="3.680" /><testcase classname="tests.test_core_module.TestClientProfileSchema" name="test_create_profile_with_all_fields" time="3.797" /><testcase classname="tests.test_core_module.TestEdgeCases" name="test_empty_update_returns_no_changes" time="3.855" /><testcase classname="tests.test_core_module.TestEdgeCases" name="test_invalid_uuid_returns_error" time="2.376" /><testcase classname="tests.test_core_module.TestEdgeCases" name="test_nonexistent_client_code_returns_404" time="2.511" /></testsuite></testsuites>