<?xml version="1.0" encoding="utf-8"?><testsuites name="pytest tests"><testsuite name="pytest" errors="0" failures="1" skipped="0" tests="42" time="108.580" timestamp="2025-12-31T23:02:31.980146+00:00" hostname="agent-env-43ed03eb-eaa1-45c6-9238-148b21da00ef"><testcase classname="tests.test_core_module.TestCoreStatus" name="test_core_status_returns_ok" time="0.080" /><testcase classname="tests.test_core_module.TestCoreStatus" name="test_core_status_has_feature_flags" time="0.040" /><testcase classname="tests.test_core_module.TestCoreStatus" name="test_core_status_shows_encryption_status" time="0.039" /><testcase classname="tests.test_core_module.TestCoreStatus" name="test_core_status_shows_internal_auth_status" time="0.039" /><testcase classname="tests.test_core_module.TestAuthentication" name="test_client_profiles_requires_auth" time="0.039" /><testcase classname="tests.test_core_module.TestAuthentication" name="test_admin_can_access_profiles" time="2.502" /><testcase classname="tests.test_core_module.TestAuthentication" name="test_staff_can_access_profiles" time="2.502" /><testcase classname="tests.test_core_module.TestAuthentication" name="test_tax_agent_can_access_profiles" time="2.517" /><testcase classname="tests.test_core_module.TestInternalApiKeyAuth" name="test_migration_endpoint_requires_api_key" time="0.042" /><testcase classname="tests.test_core_module.TestInternalApiKeyAuth" name="test_invalid_api_key_rejected" time="0.079" /><testcase classname="tests.test_core_module.TestInternalApiKeyAuth" name="test_valid_api_key_accepted" time="2.427" /><testcase classname="tests.test_core_module.TestInternalApiKeyAuth" name="test_service_name_header_logged" time="2.451" /><testcase classname="tests.test_core_module.TestClientProfileCRUD" name="test_create_client_profile_admin" time="3.790" /><testcase classname="tests.test_core_module.TestClientProfileCRUD" name="test_create_client_profile_staff" time="3.806" /><testcase classname="tests.test_core_module.TestClientProfileCRUD" name="test_create_client_profile_tax_agent_forbidden" time="1.423" /><testcase classname="tests.test_core_module.TestClientProfileCRUD" name="test_create_duplicate_client_code_rejected" time="2.508" /><testcase classname="tests.test_core_module.TestClientProfileCRUD" name="test_list_client_profiles" time="2.495" /><testcase classname="tests.test_core_module.TestClientProfileCRUD" name="test_search_client_profiles" time="2.715" /><testcase classname="tests.test_core_module.TestClientProfileCRUD" name="test_filter_by_entity_type" time="2.690" /><testcase classname="tests.test_core_module.TestClientProfileCRUD" name="test_filter_by_status" time="2.710" /><testcase classname="tests.test_core_module.TestClientProfileCRUD" name="test_get_profile_by_id" time="3.661" /><testcase classname="tests.test_core_module.TestClientProfileCRUD" name="test_get_profile_by_code" time="2.506" /><testcase classname="tests.test_core_module.TestClientProfileCRUD" name="test_get_nonexistent_profile_returns_404" time="2.525" /><testcase classname="tests.test_core_module.TestClientProfileCRUD" name="test_update_client_profile" time="6.398" /><testcase classname="tests.test_core_module.TestClientProfileCRUD" name="test_update_profile_tax_agent_forbidden" time="3.934" /><testcase classname="tests.test_core_module.TestClientProfileCRUD" name="test_delete_profile_admin_only" time="8.870" /><testcase classname="tests.test_core_module.TestTFNMasking" name="test_tfn_masked_by_default" time="4.931" /><testcase classname="tests.test_core_module.TestTFNMasking" name="test_staff_cannot_view_decrypted_tfn" time="3.922" /><testcase classname="tests.test_core_module.TestMigrationEndpoints" name="test_migrate_single_client" time="2.434" /><testcase classname="tests.test_core_module.TestMigrationEndpoints" name="test_migrate_client_with_luna_field_mapping" time="2.443" /><testcase classname="tests.test_core_module.TestMigrationEndpoints" name="test_migrate_existing_client_skipped" time="1.141" /><testcase classname="tests.test_core_module.TestMigrationEndpoints" name="test_migrate_missing_client_code_fails" time="0.038" /><testcase classname="tests.test_core_module.TestMigrationEndpoints" name="test_batch_migration" time="5.834" /><testcase classname="tests.test_core_module.TestMigrationEndpoints" name="test_batch_migration_partial_failure" time="2.627" /><testcase classname="tests.test_core_module.TestMigrationEndpoints" name="test_migration_status_with_api_key" time="1.139" /><testcase classname="tests.test_core_module.TestMigrationEndpoints" name="test_migration_status_with_admin_jwt" time="2.582" /><testcase classname="tests.test_core_module.TestPagination" name="test_list_with_limit" time="2.505" /><testcase classname="tests.test_core_module.TestPagination" name="test_list_with_offset" time="3.715" /><testcase classname="tests.test_core_module.TestClientProfileSchema" name="test_create_profile_with_all_fields" time="3.785" /><testcase classname="tests.test_core_module.TestEdgeCases" name="test_empty_update_returns_no_changes" time="3.662" /><testcase classname="tests.test_core_module.TestEdgeCases" name="test_invalid_uuid_returns_error" time="2.345"><failure message="assert 520 in [404, 422, 500]&#10; +  where 520 = &lt;Response [520]&gt;.status_code">tests/test_core_module.py:944: in test_invalid_uuid_returns_error
    assert response.status_code in [404, 422, 500]
E   assert 520 in [404, 422, 500]
E    +  where 520 = &lt;Response [520]&gt;.status_code</failure></testcase><testcase classname="tests.test_core_module.TestEdgeCases" name="test_nonexistent_client_code_returns_404" time="2.541" /></testsuite></testsuites>