<?xml version="1.0" encoding="utf-8"?><testsuites name="pytest tests"><testsuite name="pytest" errors="0" failures="5" skipped="0" tests="44" time="44.548" timestamp="2026-01-03T09:05:49.006257+00:00" hostname="agent-env-4d3edc59-09a4-48a5-af7c-1f51dda3aa08"><testcase classname="tests.test_full_regression.TestHealthEndpoints" name="test_health_check" time="1.566" /><testcase classname="tests.test_full_regression.TestHealthEndpoints" name="test_readiness_check" time="1.158" /><testcase classname="tests.test_full_regression.TestHealthEndpoints" name="test_liveness_check" time="0.041" /><testcase classname="tests.test_full_regression.TestHealthEndpoints" name="test_cors_headers" time="0.045"><failure message="assert 405 in [200, 204]&#10; +  where 405 = &lt;Response [405]&gt;.status_code">tests/test_full_regression.py:71: in test_cors_headers
    assert response.status_code in [200, 204]
E   assert 405 in [200, 204]
E    +  where 405 = &lt;Response [405]&gt;.status_code</failure></testcase><testcase classname="tests.test_full_regression.TestIngestionPipeline" name="test_ingestion_status" time="0.043" /><testcase classname="tests.test_full_regression.TestIngestionPipeline" name="test_myfdc_ingest_auth_required" time="0.046" /><testcase classname="tests.test_full_regression.TestIngestionPipeline" name="test_myfdc_imports_requires_valid_uuid" time="0.042" /><testcase classname="tests.test_full_regression.TestNormalisationQueue" name="test_normalisation_mapper_is_preliminary" time="0.000" /><testcase classname="tests.test_full_regression.TestReconciliationEngine" name="test_reconciliation_status" time="0.079" /><testcase classname="tests.test_full_regression.TestReconciliationEngine" name="test_reconciliation_match_auth_required" time="0.042" /><testcase classname="tests.test_full_regression.TestReconciliationEngine" name="test_reconciliation_match_invalid_key" time="0.039" /><testcase classname="tests.test_full_regression.TestReconciliationEngine" name="test_reconciliation_match_run" time="3.049" /><testcase classname="tests.test_full_regression.TestReconciliationEngine" name="test_reconciliation_matches_for_client" time="1.357" /><testcase classname="tests.test_full_regression.TestReconciliationEngine" name="test_reconciliation_candidates" time="1.150"><failure message="assert 520 in [200, 404, 400]&#10; +  where 520 = &lt;Response [520]&gt;.status_code">tests/test_full_regression.py:188: in test_reconciliation_candidates
    assert response.status_code in [200, 404, 400]
E   assert 520 in [200, 404, 400]
E    +  where 520 = &lt;Response [520]&gt;.status_code</failure></testcase><testcase classname="tests.test_full_regression.TestOCRModule" name="test_ocr_status" time="0.040" /><testcase classname="tests.test_full_regression.TestOCRModule" name="test_ocr_receipt_auth_required" time="0.037" /><testcase classname="tests.test_full_regression.TestOCRModule" name="test_ocr_receipt_invalid_url" time="0.040" /><testcase classname="tests.test_full_regression.TestJobsCRUD" name="test_jobs_list_auth_required" time="0.037" /><testcase classname="tests.test_full_regression.TestJobsCRUD" name="test_jobs_list" time="1.334" /><testcase classname="tests.test_full_regression.TestJobsCRUD" name="test_jobs_create" time="1.355" /><testcase classname="tests.test_full_regression.TestJobsCRUD" name="test_jobs_get_by_id" time="2.322" /><testcase classname="tests.test_full_regression.TestJobsCRUD" name="test_jobs_update" time="2.536" /><testcase classname="tests.test_full_regression.TestJobsCRUD" name="test_jobs_delete" time="2.511" /><testcase classname="tests.test_full_regression.TestIdentitySpine" name="test_identity_status" time="0.080" /><testcase classname="tests.test_full_regression.TestIdentitySpine" name="test_identity_link_endpoint" time="5.271" /><testcase classname="tests.test_full_regression.TestIdentitySpine" name="test_identity_myfdc_signup" time="5.252" /><testcase classname="tests.test_full_regression.TestIdentitySpine" name="test_identity_person_by_email_auth_required" time="0.056" /><testcase classname="tests.test_full_regression.TestClientLinking" name="test_clients_link_or_create_auth_required" time="0.040" /><testcase classname="tests.test_full_regression.TestClientLinking" name="test_clients_link_or_create" time="1.338" /><testcase classname="tests.test_full_regression.TestClientLinking" name="test_v1_clients_link_get" time="1.185" /><testcase classname="tests.test_full_regression.TestClientLinking" name="test_v1_clients_link_post" time="1.336" /><testcase classname="tests.test_full_regression.TestClientLinking" name="test_clients_get_by_id" time="1.340" /><testcase classname="tests.test_full_regression.TestClientLinking" name="test_clients_list" time="1.544" /><testcase classname="tests.test_full_regression.TestClientLinking" name="test_clients_link_crm" time="2.672"><failure message="assert 520 == 200&#10; +  where 520 = &lt;Response [520]&gt;.status_code">tests/test_full_regression.py:463: in test_clients_link_crm
    assert response.status_code == 200
E   assert 520 == 200
E    +  where 520 = &lt;Response [520]&gt;.status_code</failure></testcase><testcase classname="tests.test_full_regression.TestBookkeeping" name="test_bookkeeping_transactions_auth_required" time="0.036" /><testcase classname="tests.test_full_regression.TestBookkeeping" name="test_bookkeeping_transactions" time="1.336" /><testcase classname="tests.test_full_regression.TestCrossServiceIntegration" name="test_internal_api_key_auth_works" time="1.365" /><testcase classname="tests.test_full_regression.TestCrossServiceIntegration" name="test_internal_api_key_missing_returns_401" time="0.040" /><testcase classname="tests.test_full_regression.TestCrossServiceIntegration" name="test_internal_api_key_invalid_returns_403" time="0.038"><failure message="assert 401 == 403&#10; +  where 401 = &lt;Response [401]&gt;.status_code">tests/test_full_regression.py:517: in test_internal_api_key_invalid_returns_403
    assert response.status_code == 403
E   assert 401 == 403
E    +  where 401 = &lt;Response [401]&gt;.status_code</failure></testcase><testcase classname="tests.test_full_regression.TestPurgeVerification" name="test_golden_test_client_removed" time="0.039" /><testcase classname="tests.test_full_regression.TestPurgeVerification" name="test_sms_proxy_mode_unavailable" time="0.039" /><testcase classname="tests.test_full_regression.TestReconciliationGroups" name="test_reconciliation_groups" time="1.336" /><testcase classname="tests.test_full_regression.TestReconciliationConfirm" name="test_reconciliation_confirm_match" time="1.151"><failure message="assert 520 in [404, 400, 500]&#10; +  where 520 = &lt;Response [520]&gt;.status_code">tests/test_full_regression.py:577: in test_reconciliation_confirm_match
    assert response.status_code in [404, 400, 500]
E   assert 520 in [404, 400, 500]
E    +  where 520 = &lt;Response [520]&gt;.status_code</failure></testcase><testcase classname="tests.test_full_regression.TestOCRExtract" name="test_ocr_extract_auth_required" time="0.037" /></testsuite></testsuites>