<?xml version="1.0" encoding="utf-8"?><testsuites name="pytest tests"><testsuite name="pytest" errors="0" failures="0" skipped="0" tests="44" time="43.449" timestamp="2026-01-03T09:08:09.133346+00:00" hostname="agent-env-4d3edc59-09a4-48a5-af7c-1f51dda3aa08"><testcase classname="tests.test_full_regression.TestHealthEndpoints" name="test_health_check" time="1.209" /><testcase classname="tests.test_full_regression.TestHealthEndpoints" name="test_readiness_check" time="1.152" /><testcase classname="tests.test_full_regression.TestHealthEndpoints" name="test_liveness_check" time="0.042" /><testcase classname="tests.test_full_regression.TestHealthEndpoints" name="test_cors_headers" time="1.154" /><testcase classname="tests.test_full_regression.TestIngestionPipeline" name="test_ingestion_status" time="0.041" /><testcase classname="tests.test_full_regression.TestIngestionPipeline" name="test_myfdc_ingest_auth_required" time="0.040" /><testcase classname="tests.test_full_regression.TestIngestionPipeline" name="test_myfdc_imports_requires_valid_uuid" time="0.042" /><testcase classname="tests.test_full_regression.TestNormalisationQueue" name="test_normalisation_mapper_is_preliminary" time="0.000" /><testcase classname="tests.test_full_regression.TestReconciliationEngine" name="test_reconciliation_status" time="0.041" /><testcase classname="tests.test_full_regression.TestReconciliationEngine" name="test_reconciliation_match_auth_required" time="0.039" /><testcase classname="tests.test_full_regression.TestReconciliationEngine" name="test_reconciliation_match_invalid_key" time="0.046" /><testcase classname="tests.test_full_regression.TestReconciliationEngine" name="test_reconciliation_match_run" time="2.451" /><testcase classname="tests.test_full_regression.TestReconciliationEngine" name="test_reconciliation_matches_for_client" time="1.176" /><testcase classname="tests.test_full_regression.TestReconciliationEngine" name="test_reconciliation_candidates" time="1.155" /><testcase classname="tests.test_full_regression.TestOCRModule" name="test_ocr_status" time="0.039" /><testcase classname="tests.test_full_regression.TestOCRModule" name="test_ocr_receipt_auth_required" time="0.039" /><testcase classname="tests.test_full_regression.TestOCRModule" name="test_ocr_receipt_invalid_url" time="0.079" /><testcase classname="tests.test_full_regression.TestJobsCRUD" name="test_jobs_list_auth_required" time="0.079" /><testcase classname="tests.test_full_regression.TestJobsCRUD" name="test_jobs_list" time="1.335" /><testcase classname="tests.test_full_regression.TestJobsCRUD" name="test_jobs_create" time="1.190" /><testcase classname="tests.test_full_regression.TestJobsCRUD" name="test_jobs_get_by_id" time="2.325" /><testcase classname="tests.test_full_regression.TestJobsCRUD" name="test_jobs_update" time="2.304" /><testcase classname="tests.test_full_regression.TestJobsCRUD" name="test_jobs_delete" time="2.316" /><testcase classname="tests.test_full_regression.TestIdentitySpine" name="test_identity_status" time="0.037" /><testcase classname="tests.test_full_regression.TestIdentitySpine" name="test_identity_link_endpoint" time="5.234" /><testcase classname="tests.test_full_regression.TestIdentitySpine" name="test_identity_myfdc_signup" time="5.253" /><testcase classname="tests.test_full_regression.TestIdentitySpine" name="test_identity_person_by_email_auth_required" time="0.059" /><testcase classname="tests.test_full_regression.TestClientLinking" name="test_clients_link_or_create_auth_required" time="0.043" /><testcase classname="tests.test_full_regression.TestClientLinking" name="test_clients_link_or_create" time="1.336" /><testcase classname="tests.test_full_regression.TestClientLinking" name="test_v1_clients_link_get" time="1.164" /><testcase classname="tests.test_full_regression.TestClientLinking" name="test_v1_clients_link_post" time="1.337" /><testcase classname="tests.test_full_regression.TestClientLinking" name="test_clients_get_by_id" time="1.152" /><testcase classname="tests.test_full_regression.TestClientLinking" name="test_clients_list" time="1.356" /><testcase classname="tests.test_full_regression.TestClientLinking" name="test_clients_link_crm" time="2.675" /><testcase classname="tests.test_full_regression.TestBookkeeping" name="test_bookkeeping_transactions_auth_required" time="0.040" /><testcase classname="tests.test_full_regression.TestBookkeeping" name="test_bookkeeping_transactions" time="1.336" /><testcase classname="tests.test_full_regression.TestCrossServiceIntegration" name="test_internal_api_key_auth_works" time="1.353" /><testcase classname="tests.test_full_regression.TestCrossServiceIntegration" name="test_internal_api_key_missing_returns_401" time="0.038" /><testcase classname="tests.test_full_regression.TestCrossServiceIntegration" name="test_internal_api_key_invalid_returns_403" time="0.040" /><testcase classname="tests.test_full_regression.TestPurgeVerification" name="test_golden_test_client_removed" time="0.037" /><testcase classname="tests.test_full_regression.TestPurgeVerification" name="test_sms_proxy_mode_unavailable" time="0.039" /><testcase classname="tests.test_full_regression.TestReconciliationGroups" name="test_reconciliation_groups" time="1.337" /><testcase classname="tests.test_full_regression.TestReconciliationConfirm" name="test_reconciliation_confirm_match" time="1.149" /><testcase classname="tests.test_full_regression.TestOCRExtract" name="test_ocr_extract_auth_required" time="0.040" /></testsuite></testsuites>