<?xml version="1.0" encoding="utf-8"?><testsuites name="pytest tests"><testsuite name="pytest" errors="0" failures="0" skipped="0" tests="30" time="105.515" timestamp="2025-12-31T19:30:09.458878+00:00" hostname="agent-env-43ed03eb-eaa1-45c6-9238-148b21da00ef"><testcase classname="tests.test_identity_spine.TestIdentitySpineSetup" name="test_base_url_configured" time="0.001" /><testcase classname="tests.test_identity_spine.TestIdentitySpineSetup" name="test_api_health" time="1.183" /><testcase classname="tests.test_identity_spine.TestIdentityStatus" name="test_identity_status_returns_ok" time="0.036" /><testcase classname="tests.test_identity_spine.TestIdentityStatus" name="test_identity_status_features" time="0.049" /><testcase classname="tests.test_identity_spine.TestMyFDCSignup" name="test_myfdc_signup_creates_person_and_account" time="7.073" /><testcase classname="tests.test_identity_spine.TestMyFDCSignup" name="test_myfdc_signup_duplicate_email_fails" time="6.491" /><testcase classname="tests.test_identity_spine.TestMyFDCSignup" name="test_myfdc_signup_invalid_email_fails" time="0.012" /><testcase classname="tests.test_identity_spine.TestMyFDCSignup" name="test_myfdc_signup_google_auth_provider" time="5.185" /><testcase classname="tests.test_identity_spine.TestCRMClientCreate" name="test_crm_client_create_requires_auth" time="0.055" /><testcase classname="tests.test_identity_spine.TestCRMClientCreate" name="test_crm_client_create_with_staff_auth" time="7.266" /><testcase classname="tests.test_identity_spine.TestCRMClientCreate" name="test_crm_client_create_with_custom_client_code" time="5.193" /><testcase classname="tests.test_identity_spine.TestCRMClientCreate" name="test_crm_client_duplicate_email_fails" time="6.734" /><testcase classname="tests.test_identity_spine.TestAutomaticLinking" name="test_myfdc_signup_links_to_existing_crm_client" time="10.131" /><testcase classname="tests.test_identity_spine.TestAutomaticLinking" name="test_crm_client_links_to_existing_myfdc_user" time="8.738" /><testcase classname="tests.test_identity_spine.TestPersonLookup" name="test_get_person_by_email_requires_auth" time="5.651" /><testcase classname="tests.test_identity_spine.TestPersonLookup" name="test_get_person_by_email" time="3.069" /><testcase classname="tests.test_identity_spine.TestPersonLookup" name="test_get_person_by_email_not_found" time="1.124" /><testcase classname="tests.test_identity_spine.TestPersonLookup" name="test_get_person_by_id" time="1.681" /><testcase classname="tests.test_identity_spine.TestPersonLookup" name="test_get_person_by_id_invalid_uuid" time="0.013" /><testcase classname="tests.test_identity_spine.TestPersonLookup" name="test_get_person_by_id_not_found" time="1.123" /><testcase classname="tests.test_identity_spine.TestEngagementProfile" name="test_update_engagement_profile" time="9.413" /><testcase classname="tests.test_identity_spine.TestEngagementProfile" name="test_update_engagement_profile_invalid_uuid" time="0.009" /><testcase classname="tests.test_identity_spine.TestAdminEndpoints" name="test_get_stats_requires_admin" time="1.443" /><testcase classname="tests.test_identity_spine.TestAdminEndpoints" name="test_get_stats_with_admin" time="2.650" /><testcase classname="tests.test_identity_spine.TestAdminEndpoints" name="test_get_orphaned_requires_admin" time="0.011" /><testcase classname="tests.test_identity_spine.TestAdminEndpoints" name="test_get_orphaned_with_admin" time="2.050" /><testcase classname="tests.test_identity_spine.TestAdminEndpoints" name="test_get_duplicates_requires_admin" time="0.009" /><testcase classname="tests.test_identity_spine.TestAdminEndpoints" name="test_get_duplicates_with_admin" time="1.122" /><testcase classname="tests.test_identity_spine.TestClientCodeGeneration" name="test_client_code_auto_generated" time="6.771" /><testcase classname="tests.test_identity_spine.TestClientCodeGeneration" name="test_client_codes_are_sequential" time="11.162" /></testsuite></testsuites>