<?xml version="1.0" encoding="utf-8"?><testsuites name="pytest tests"><testsuite name="pytest" errors="0" failures="1" skipped="0" tests="30" time="103.583" timestamp="2025-12-31T19:27:42.830589+00:00" hostname="agent-env-43ed03eb-eaa1-45c6-9238-148b21da00ef"><testcase classname="tests.test_identity_spine.TestIdentitySpineSetup" name="test_base_url_configured" time="0.000" /><testcase classname="tests.test_identity_spine.TestIdentitySpineSetup" name="test_api_health" time="1.179" /><testcase classname="tests.test_identity_spine.TestIdentityStatus" name="test_identity_status_returns_ok" time="0.040" /><testcase classname="tests.test_identity_spine.TestIdentityStatus" name="test_identity_status_features" time="0.012" /><testcase classname="tests.test_identity_spine.TestMyFDCSignup" name="test_myfdc_signup_creates_person_and_account" time="6.311" /><testcase classname="tests.test_identity_spine.TestMyFDCSignup" name="test_myfdc_signup_duplicate_email_fails" time="6.475" /><testcase classname="tests.test_identity_spine.TestMyFDCSignup" name="test_myfdc_signup_invalid_email_fails" time="0.011" /><testcase classname="tests.test_identity_spine.TestMyFDCSignup" name="test_myfdc_signup_google_auth_provider" time="5.224" /><testcase classname="tests.test_identity_spine.TestCRMClientCreate" name="test_crm_client_create_requires_auth" time="0.056" /><testcase classname="tests.test_identity_spine.TestCRMClientCreate" name="test_crm_client_create_with_staff_auth" time="7.255" /><testcase classname="tests.test_identity_spine.TestCRMClientCreate" name="test_crm_client_create_with_custom_client_code" time="5.180" /><testcase classname="tests.test_identity_spine.TestCRMClientCreate" name="test_crm_client_duplicate_email_fails" time="6.659" /><testcase classname="tests.test_identity_spine.TestAutomaticLinking" name="test_myfdc_signup_links_to_existing_crm_client" time="10.095" /><testcase classname="tests.test_identity_spine.TestAutomaticLinking" name="test_crm_client_links_to_existing_myfdc_user" time="8.690" /><testcase classname="tests.test_identity_spine.TestPersonLookup" name="test_get_person_by_email_requires_auth" time="5.229" /><testcase classname="tests.test_identity_spine.TestPersonLookup" name="test_get_person_by_email" time="3.015" /><testcase classname="tests.test_identity_spine.TestPersonLookup" name="test_get_person_by_email_not_found" time="1.113" /><testcase classname="tests.test_identity_spine.TestPersonLookup" name="test_get_person_by_id" time="1.667" /><testcase classname="tests.test_identity_spine.TestPersonLookup" name="test_get_person_by_id_invalid_uuid" time="0.009" /><testcase classname="tests.test_identity_spine.TestPersonLookup" name="test_get_person_by_id_not_found" time="1.115" /><testcase classname="tests.test_identity_spine.TestEngagementProfile" name="test_update_engagement_profile" time="9.044" /><testcase classname="tests.test_identity_spine.TestEngagementProfile" name="test_update_engagement_profile_invalid_uuid" time="0.015" /><testcase classname="tests.test_identity_spine.TestAdminEndpoints" name="test_get_stats_requires_admin" time="1.430" /><testcase classname="tests.test_identity_spine.TestAdminEndpoints" name="test_get_stats_with_admin" time="2.680" /><testcase classname="tests.test_identity_spine.TestAdminEndpoints" name="test_get_orphaned_requires_admin" time="0.050" /><testcase classname="tests.test_identity_spine.TestAdminEndpoints" name="test_get_orphaned_with_admin" time="2.080" /><testcase classname="tests.test_identity_spine.TestAdminEndpoints" name="test_get_duplicates_requires_admin" time="0.050" /><testcase classname="tests.test_identity_spine.TestAdminEndpoints" name="test_get_duplicates_with_admin" time="1.310"><failure message="assert 520 == 200&#10; +  where 520 = &lt;Response [520]&gt;.status_code">tests/test_identity_spine.py:700: in test_get_duplicates_with_admin
    assert response.status_code == 200
E   assert 520 == 200
E    +  where 520 = &lt;Response [520]&gt;.status_code</failure></testcase><testcase classname="tests.test_identity_spine.TestClientCodeGeneration" name="test_client_code_auto_generated" time="6.744" /><testcase classname="tests.test_identity_spine.TestClientCodeGeneration" name="test_client_codes_are_sequential" time="10.713" /></testsuite></testsuites>