<?xml version="1.0" encoding="utf-8"?><testsuites name="pytest tests"><testsuite name="pytest" errors="0" failures="0" skipped="0" tests="21" time="127.969" timestamp="2025-12-31T21:02:49.831656+00:00" hostname="agent-env-43ed03eb-eaa1-45c6-9238-148b21da00ef"><testcase classname="tests.test_merge_preview.TestMergePreviewSetup" name="test_base_url_configured" time="0.000" /><testcase classname="tests.test_merge_preview.TestMergePreviewAuthentication" name="test_merge_preview_requires_auth" time="0.071" /><testcase classname="tests.test_merge_preview.TestMergePreviewAuthentication" name="test_merge_preview_staff_forbidden" time="1.399" /><testcase classname="tests.test_merge_preview.TestMergePreviewValidation" name="test_merge_preview_invalid_uuid_a" time="1.395" /><testcase classname="tests.test_merge_preview.TestMergePreviewValidation" name="test_merge_preview_invalid_uuid_b" time="0.051" /><testcase classname="tests.test_merge_preview.TestMergePreviewValidation" name="test_merge_preview_same_person_id" time="6.546" /><testcase classname="tests.test_merge_preview.TestMergePreviewValidation" name="test_merge_preview_nonexistent_person_a" time="1.306" /><testcase classname="tests.test_merge_preview.TestMergePreviewBasicFunctionality" name="test_merge_preview_basic_success" time="16.256" /><testcase classname="tests.test_merge_preview.TestMergePreviewConflictDetection" name="test_conflict_multiple_myfdc_accounts" time="15.130" /><testcase classname="tests.test_merge_preview.TestMergePreviewConflictDetection" name="test_conflict_multiple_crm_clients" time="15.438" /><testcase classname="tests.test_merge_preview.TestMergePreviewConflictDetection" name="test_conflict_different_emails" time="2.973" /><testcase classname="tests.test_merge_preview.TestMergePreviewConflictDetection" name="test_conflict_mismatched_auth_providers" time="3.342" /><testcase classname="tests.test_merge_preview.TestMergePreviewServiceFlags" name="test_conflict_mismatched_service_flags" time="20.862" /><testcase classname="tests.test_merge_preview.TestMergePreviewServiceFlags" name="test_combined_engagement_profile_or_logic" time="2.971" /><testcase classname="tests.test_merge_preview.TestMergePreviewRecommendation" name="test_merge_direction_recommendation" time="16.274" /><testcase classname="tests.test_merge_preview.TestMergePreviewRecommendation" name="test_safe_to_merge_no_high_conflicts" time="2.969" /><testcase classname="tests.test_merge_preview.TestMergePreviewAuditLogging" name="test_merge_preview_creates_audit_log" time="15.153" /><testcase classname="tests.test_merge_preview.TestMergePreviewWithExistingTestData" name="test_merge_preview_with_known_test_data" time="4.360" /><testcase classname="tests.test_merge_preview.TestMergePreviewEdgeCases" name="test_merge_preview_missing_person_id_a" time="1.381" /><testcase classname="tests.test_merge_preview.TestMergePreviewEdgeCases" name="test_merge_preview_missing_person_id_b" time="0.015" /><testcase classname="tests.test_merge_preview.TestMergePreviewEdgeCases" name="test_merge_preview_empty_uuid" time="0.013" /></testsuite></testsuites>