<?xml version="1.0" encoding="utf-8"?><testsuites name="pytest tests"><testsuite name="pytest" errors="0" failures="1" skipped="0" tests="21" time="125.094" timestamp="2025-12-31T20:52:05.652679+00:00" hostname="agent-env-43ed03eb-eaa1-45c6-9238-148b21da00ef"><testcase classname="tests.test_merge_preview.TestMergePreviewSetup" name="test_base_url_configured" time="0.000" /><testcase classname="tests.test_merge_preview.TestMergePreviewAuthentication" name="test_merge_preview_requires_auth" time="0.093" /><testcase classname="tests.test_merge_preview.TestMergePreviewAuthentication" name="test_merge_preview_staff_forbidden" time="1.355" /><testcase classname="tests.test_merge_preview.TestMergePreviewValidation" name="test_merge_preview_invalid_uuid_a" time="1.383" /><testcase classname="tests.test_merge_preview.TestMergePreviewValidation" name="test_merge_preview_invalid_uuid_b" time="0.008" /><testcase classname="tests.test_merge_preview.TestMergePreviewValidation" name="test_merge_preview_same_person_id" time="1.304"><failure message="AssertionError: assert ('itself' in 'person a not found: 53f64955-f745-471a-8e86-6edd706c087e' or 'same' in 'person a not found: 53f64955-f745-471a-8e86-6edd706c087e')&#10; +  where 'person a not found: 53f64955-f745-471a-8e86-6edd706c087e' = &lt;built-in method lower of str object at 0xfcc8905865d0&gt;()&#10; +    where &lt;built-in method lower of str object at 0xfcc8905865d0&gt; = 'Person A not found: 53f64955-f745-471a-8e86-6edd706c087e'.lower&#10; +      where 'Person A not found: 53f64955-f745-471a-8e86-6edd706c087e' = &lt;built-in method get of dict object at 0xfcc8905b9740&gt;('detail', '')&#10; +        where &lt;built-in method get of dict object at 0xfcc8905b9740&gt; = {'detail': 'Person A not found: 53f64955-f745-471a-8e86-6edd706c087e'}.get&#10; +  and   'person a not found: 53f64955-f745-471a-8e86-6edd706c087e' = &lt;built-in method lower of str object at 0xfcc8905865d0&gt;()&#10; +    where &lt;built-in method lower of str object at 0xfcc8905865d0&gt; = 'Person A not found: 53f64955-f745-471a-8e86-6edd706c087e'.lower&#10; +      where 'Person A not found: 53f64955-f745-471a-8e86-6edd706c087e' = &lt;built-in method get of dict object at 0xfcc8905b9740&gt;('detail', '')&#10; +        where &lt;built-in method get of dict object at 0xfcc8905b9740&gt; = {'detail': 'Person A not found: 53f64955-f745-471a-8e86-6edd706c087e'}.get">tests/test_merge_preview.py:178: in test_merge_preview_same_person_id
    assert "itself" in data.get("detail", "").lower() or "same" in data.get("detail", "").lower()
E   AssertionError: assert ('itself' in 'person a not found: 53f64955-f745-471a-8e86-6edd706c087e' or 'same' in 'person a not found: 53f64955-f745-471a-8e86-6edd706c087e')
E    +  where 'person a not found: 53f64955-f745-471a-8e86-6edd706c087e' = &lt;built-in method lower of str object at 0xfcc8905865d0&gt;()
E    +    where &lt;built-in method lower of str object at 0xfcc8905865d0&gt; = 'Person A not found: 53f64955-f745-471a-8e86-6edd706c087e'.lower
E    +      where 'Person A not found: 53f64955-f745-471a-8e86-6edd706c087e' = &lt;built-in method get of dict object at 0xfcc8905b9740&gt;('detail', '')
E    +        where &lt;built-in method get of dict object at 0xfcc8905b9740&gt; = {'detail': 'Person A not found: 53f64955-f745-471a-8e86-6edd706c087e'}.get
E    +  and   'person a not found: 53f64955-f745-471a-8e86-6edd706c087e' = &lt;built-in method lower of str object at 0xfcc8905865d0&gt;()
E    +    where &lt;built-in method lower of str object at 0xfcc8905865d0&gt; = 'Person A not found: 53f64955-f745-471a-8e86-6edd706c087e'.lower
E    +      where 'Person A not found: 53f64955-f745-471a-8e86-6edd706c087e' = &lt;built-in method get of dict object at 0xfcc8905b9740&gt;('detail', '')
E    +        where &lt;built-in method get of dict object at 0xfcc8905b9740&gt; = {'detail': 'Person A not found: 53f64955-f745-471a-8e86-6edd706c087e'}.get</failure></testcase><testcase classname="tests.test_merge_preview.TestMergePreviewValidation" name="test_merge_preview_nonexistent_person_a" time="1.321" /><testcase classname="tests.test_merge_preview.TestMergePreviewBasicFunctionality" name="test_merge_preview_basic_success" time="17.770" /><testcase classname="tests.test_merge_preview.TestMergePreviewConflictDetection" name="test_conflict_multiple_myfdc_accounts" time="15.143" /><testcase classname="tests.test_merge_preview.TestMergePreviewConflictDetection" name="test_conflict_multiple_crm_clients" time="15.499" /><testcase classname="tests.test_merge_preview.TestMergePreviewConflictDetection" name="test_conflict_different_emails" time="2.972" /><testcase classname="tests.test_merge_preview.TestMergePreviewConflictDetection" name="test_conflict_mismatched_auth_providers" time="3.344" /><testcase classname="tests.test_merge_preview.TestMergePreviewServiceFlags" name="test_conflict_mismatched_service_flags" time="21.207" /><testcase classname="tests.test_merge_preview.TestMergePreviewServiceFlags" name="test_combined_engagement_profile_or_logic" time="2.985" /><testcase classname="tests.test_merge_preview.TestMergePreviewRecommendation" name="test_merge_direction_recommendation" time="16.287" /><testcase classname="tests.test_merge_preview.TestMergePreviewRecommendation" name="test_safe_to_merge_no_high_conflicts" time="2.976" /><testcase classname="tests.test_merge_preview.TestMergePreviewAuditLogging" name="test_merge_preview_creates_audit_log" time="15.135" /><testcase classname="tests.test_merge_preview.TestMergePreviewWithExistingTestData" name="test_merge_preview_with_known_test_data" time="4.734" /><testcase classname="tests.test_merge_preview.TestMergePreviewEdgeCases" name="test_merge_preview_missing_person_id_a" time="1.390" /><testcase classname="tests.test_merge_preview.TestMergePreviewEdgeCases" name="test_merge_preview_missing_person_id_b" time="0.051" /><testcase classname="tests.test_merge_preview.TestMergePreviewEdgeCases" name="test_merge_preview_empty_uuid" time="0.012" /></testsuite></testsuites>