<?xml version="1.0" encoding="utf-8"?><testsuites name="pytest tests"><testsuite name="pytest" errors="0" failures="0" skipped="0" tests="17" time="18.111" timestamp="2026-01-03T00:47:57.487363+00:00" hostname="agent-env-41a2bc39-b671-4d6d-bae2-2d3499492f26"><testcase classname="tests.test_ocr_api.TestOCRStatusEndpoint" name="test_status_returns_200" time="0.059" /><testcase classname="tests.test_ocr_api.TestOCRStatusEndpoint" name="test_status_response_structure" time="0.042" /><testcase classname="tests.test_ocr_api.TestOCRStatusEndpoint" name="test_status_features_structure" time="0.045" /><testcase classname="tests.test_ocr_api.TestOCRStatusEndpoint" name="test_status_openai_vision_configured" time="0.041" /><testcase classname="tests.test_ocr_api.TestOCRReceiptAuthentication" name="test_missing_api_key_returns_401" time="0.046" /><testcase classname="tests.test_ocr_api.TestOCRReceiptAuthentication" name="test_invalid_api_key_returns_403" time="0.039" /><testcase classname="tests.test_ocr_api.TestOCRReceiptAuthentication" name="test_valid_api_key_accepted" time="3.794" /><testcase classname="tests.test_ocr_api.TestOCRReceiptValidation" name="test_missing_client_id_returns_422" time="0.081" /><testcase classname="tests.test_ocr_api.TestOCRReceiptValidation" name="test_missing_file_url_returns_422" time="0.037" /><testcase classname="tests.test_ocr_api.TestOCRReceiptValidation" name="test_invalid_url_format_returns_400" time="0.078" /><testcase classname="tests.test_ocr_api.TestOCRReceiptValidation" name="test_ftp_url_returns_400" time="0.078" /><testcase classname="tests.test_ocr_api.TestOCRReceiptProcessing" name="test_process_jpeg_image" time="3.719" /><testcase classname="tests.test_ocr_api.TestOCRReceiptProcessing" name="test_process_with_transaction_linking" time="3.871" /><testcase classname="tests.test_ocr_api.TestOCRReceiptProcessing" name="test_response_structure_on_success" time="2.878" /><testcase classname="tests.test_ocr_api.TestOCRErrorHandling" name="test_nonexistent_url_returns_error" time="0.166" /><testcase classname="tests.test_ocr_api.TestOCRErrorHandling" name="test_unsupported_format_returns_error" time="0.158" /><testcase classname="tests.test_ocr_api.TestOCRStorageAndAttachments" name="test_attachment_id_is_uuid" time="2.924" /></testsuite></testsuites>