<?xml version="1.0" encoding="utf-8"?><testsuites name="pytest tests"><testsuite name="pytest" errors="0" failures="3" skipped="1" tests="34" time="35.003" timestamp="2026-01-03T05:56:31.358491+00:00" hostname="agent-env-4d3edc59-09a4-48a5-af7c-1f51dda3aa08"><testcase classname="tests.test_post_purge_regression.TestHealthEndpoints" name="test_health_endpoint_returns_healthy" time="1.202" /><testcase classname="tests.test_post_purge_regression.TestHealthEndpoints" name="test_health_ready_endpoint" time="1.147" /><testcase classname="tests.test_post_purge_regression.TestHealthEndpoints" name="test_health_live_endpoint" time="0.043" /><testcase classname="tests.test_post_purge_regression.TestGoldenTestClientRemoved" name="test_golden_test_client_returns_404" time="0.043" /><testcase classname="tests.test_post_purge_regression.TestIngestionPipeline" name="test_ingestion_myfdc_requires_auth" time="0.040" /><testcase classname="tests.test_post_purge_regression.TestIngestionPipeline" name="test_ingestion_myfdc_invalid_key" time="0.041" /><testcase classname="tests.test_post_purge_regression.TestIngestionPipeline" name="test_ingestion_myfdc_empty_transactions" time="0.037" /><testcase classname="tests.test_post_purge_regression.TestIngestionPipeline" name="test_ingestion_myfdc_success" time="3.033" /><testcase classname="tests.test_post_purge_regression.TestIngestionPipeline" name="test_ingestion_myfdc_imports_list" time="1.353" /><testcase classname="tests.test_post_purge_regression.TestBookkeepingEndpoints" name="test_bookkeeping_transactions_requires_auth" time="0.080" /><testcase classname="tests.test_post_purge_regression.TestBookkeepingEndpoints" name="test_bookkeeping_transactions_list" time="1.741" /><testcase classname="tests.test_post_purge_regression.TestReconciliationEngine" name="test_reconciliation_status" time="0.038" /><testcase classname="tests.test_post_purge_regression.TestReconciliationEngine" name="test_reconciliation_sources" time="0.042" /><testcase classname="tests.test_post_purge_regression.TestReconciliationEngine" name="test_reconciliation_match_requires_auth" time="0.044" /><testcase classname="tests.test_post_purge_regression.TestReconciliationEngine" name="test_reconciliation_match_run" time="2.993" /><testcase classname="tests.test_post_purge_regression.TestReconciliationEngine" name="test_reconciliation_matches_get" time="1.365" /><testcase classname="tests.test_post_purge_regression.TestReconciliationEngine" name="test_reconciliation_groups" time="1.708" /><testcase classname="tests.test_post_purge_regression.TestOCRModule" name="test_ocr_status" time="0.037" /><testcase classname="tests.test_post_purge_regression.TestOCRModule" name="test_ocr_receipt_requires_auth" time="0.077" /><testcase classname="tests.test_post_purge_regression.TestOCRModule" name="test_ocr_receipt_invalid_url" time="0.038" /><testcase classname="tests.test_post_purge_regression.TestOCRModule" name="test_ocr_extract_requires_auth" time="0.077" /><testcase classname="tests.test_post_purge_regression.TestJobsCRUD" name="test_jobs_list_requires_auth" time="0.038" /><testcase classname="tests.test_post_purge_regression.TestJobsCRUD" name="test_jobs_list" time="1.696" /><testcase classname="tests.test_post_purge_regression.TestJobsCRUD" name="test_jobs_create" time="1.349"><failure message="AssertionError: assert ('id' in {'job': {'assigned_team': None, 'assigned_to': None, 'client_id': '4e8dab2c-c306-4b7c-997a-11c81e65a95b', 'completed_at': None, ...}, 'message': 'Job created successfully', 'success': True} or 'job_id' in {'job': {'assigned_team': None, 'assigned_to': None, 'client_id': '4e8dab2c-c306-4b7c-997a-11c81e65a95b', 'completed_at': None, ...}, 'message': 'Job created successfully', 'success': True})">tests/test_post_purge_regression.py:358: in test_jobs_create
    assert "id" in data or "job_id" in data
E   AssertionError: assert ('id' in {'job': {'assigned_team': None, 'assigned_to': None, 'client_id': '4e8dab2c-c306-4b7c-997a-11c81e65a95b', 'completed_at': None, ...}, 'message': 'Job created successfully', 'success': True} or 'job_id' in {'job': {'assigned_team': None, 'assigned_to': None, 'client_id': '4e8dab2c-c306-4b7c-997a-11c81e65a95b', 'completed_at': None, ...}, 'message': 'Job created successfully', 'success': True})</failure></testcase><testcase classname="tests.test_post_purge_regression.TestJobsCRUD" name="test_jobs_get_by_id" time="2.285"><failure message="assert 520 == 200&#10; +  where 520 = &lt;Response [520]&gt;.status_code">tests/test_post_purge_regression.py:388: in test_jobs_get_by_id
    assert response.status_code == 200
E   assert 520 == 200
E    +  where 520 = &lt;Response [520]&gt;.status_code</failure></testcase><testcase classname="tests.test_post_purge_regression.TestJobsCRUD" name="test_jobs_update" time="0.048"><skipped type="pytest.skip" message="Could not create job for update test">/app/tests/test_post_purge_regression.py:427: Could not create job for update test</skipped></testcase><testcase classname="tests.test_post_purge_regression.TestJobsCRUD" name="test_jobs_delete" time="2.287"><failure message="assert 520 in [200, 204]&#10; +  where 520 = &lt;Response [520]&gt;.status_code">tests/test_post_purge_regression.py:454: in test_jobs_delete
    assert response.status_code in [200, 204]
E   assert 520 in [200, 204]
E    +  where 520 = &lt;Response [520]&gt;.status_code</failure></testcase><testcase classname="tests.test_post_purge_regression.TestIdentitySpine" name="test_identity_status" time="0.058" /><testcase classname="tests.test_post_purge_regression.TestIdentitySpine" name="test_identity_myfdc_signup" time="7.060" /><testcase classname="tests.test_post_purge_regression.TestClientManagement" name="test_clients_v1_link_requires_auth" time="0.072" /><testcase classname="tests.test_post_purge_regression.TestClientManagement" name="test_clients_v1_link_or_create" time="1.699" /><testcase classname="tests.test_post_purge_regression.TestNormalisationService" name="test_normalisation_queue_process" time="0.039" /><testcase classname="tests.test_post_purge_regression.TestSMSProxyMode" name="test_sms_proxy_module_status" time="0.037" /><testcase classname="tests.test_post_purge_regression.TestReconciliationCandidates" name="test_reconciliation_candidates" time="3.024" /></testsuite></testsuites>