<?xml version="1.0" encoding="utf-8"?><testsuites name="pytest tests"><testsuite name="pytest" errors="0" failures="0" skipped="0" tests="34" time="31.891" timestamp="2026-01-03T05:57:57.324641+00:00" hostname="agent-env-4d3edc59-09a4-48a5-af7c-1f51dda3aa08"><testcase classname="tests.test_post_purge_regression.TestHealthEndpoints" name="test_health_endpoint_returns_healthy" time="1.182" /><testcase classname="tests.test_post_purge_regression.TestHealthEndpoints" name="test_health_ready_endpoint" time="1.145" /><testcase classname="tests.test_post_purge_regression.TestHealthEndpoints" name="test_health_live_endpoint" time="0.077" /><testcase classname="tests.test_post_purge_regression.TestGoldenTestClientRemoved" name="test_golden_test_client_returns_404" time="0.040" /><testcase classname="tests.test_post_purge_regression.TestIngestionPipeline" name="test_ingestion_myfdc_requires_auth" time="0.036" /><testcase classname="tests.test_post_purge_regression.TestIngestionPipeline" name="test_ingestion_myfdc_invalid_key" time="0.043" /><testcase classname="tests.test_post_purge_regression.TestIngestionPipeline" name="test_ingestion_myfdc_empty_transactions" time="0.041" /><testcase classname="tests.test_post_purge_regression.TestIngestionPipeline" name="test_ingestion_myfdc_success" time="2.443" /><testcase classname="tests.test_post_purge_regression.TestIngestionPipeline" name="test_ingestion_myfdc_imports_list" time="1.161" /><testcase classname="tests.test_post_purge_regression.TestBookkeepingEndpoints" name="test_bookkeeping_transactions_requires_auth" time="0.042" /><testcase classname="tests.test_post_purge_regression.TestBookkeepingEndpoints" name="test_bookkeeping_transactions_list" time="1.332" /><testcase classname="tests.test_post_purge_regression.TestReconciliationEngine" name="test_reconciliation_status" time="0.043" /><testcase classname="tests.test_post_purge_regression.TestReconciliationEngine" name="test_reconciliation_sources" time="0.038" /><testcase classname="tests.test_post_purge_regression.TestReconciliationEngine" name="test_reconciliation_match_requires_auth" time="0.037" /><testcase classname="tests.test_post_purge_regression.TestReconciliationEngine" name="test_reconciliation_match_run" time="2.439" /><testcase classname="tests.test_post_purge_regression.TestReconciliationEngine" name="test_reconciliation_matches_get" time="1.164" /><testcase classname="tests.test_post_purge_regression.TestReconciliationEngine" name="test_reconciliation_groups" time="1.339" /><testcase classname="tests.test_post_purge_regression.TestOCRModule" name="test_ocr_status" time="0.039" /><testcase classname="tests.test_post_purge_regression.TestOCRModule" name="test_ocr_receipt_requires_auth" time="0.036" /><testcase classname="tests.test_post_purge_regression.TestOCRModule" name="test_ocr_receipt_invalid_url" time="0.040" /><testcase classname="tests.test_post_purge_regression.TestOCRModule" name="test_ocr_extract_requires_auth" time="0.036" /><testcase classname="tests.test_post_purge_regression.TestJobsCRUD" name="test_jobs_list_requires_auth" time="0.040" /><testcase classname="tests.test_post_purge_regression.TestJobsCRUD" name="test_jobs_list" time="1.327" /><testcase classname="tests.test_post_purge_regression.TestJobsCRUD" name="test_jobs_create" time="1.183" /><testcase classname="tests.test_post_purge_regression.TestJobsCRUD" name="test_jobs_get_by_id" time="2.306" /><testcase classname="tests.test_post_purge_regression.TestJobsCRUD" name="test_jobs_update" time="2.474" /><testcase classname="tests.test_post_purge_regression.TestJobsCRUD" name="test_jobs_delete" time="2.345" /><testcase classname="tests.test_post_purge_regression.TestIdentitySpine" name="test_identity_status" time="0.037" /><testcase classname="tests.test_post_purge_regression.TestIdentitySpine" name="test_identity_myfdc_signup" time="5.202" /><testcase classname="tests.test_post_purge_regression.TestClientManagement" name="test_clients_v1_link_requires_auth" time="0.056" /><testcase classname="tests.test_post_purge_regression.TestClientManagement" name="test_clients_v1_link_or_create" time="1.326" /><testcase classname="tests.test_post_purge_regression.TestNormalisationService" name="test_normalisation_queue_process" time="0.039" /><testcase classname="tests.test_post_purge_regression.TestSMSProxyMode" name="test_sms_proxy_module_status" time="0.037" /><testcase classname="tests.test_post_purge_regression.TestReconciliationCandidates" name="test_reconciliation_candidates" time="2.669" /></testsuite></testsuites>