<?xml version="1.0" encoding="utf-8"?><testsuites name="pytest tests"><testsuite name="pytest" errors="0" failures="0" skipped="0" tests="17" time="46.886" timestamp="2025-12-31T02:31:04.937888+00:00" hostname="agent-env-342a095d-5733-48e0-8352-57458ed14c02"><testcase classname="tests.test_ingestion_api.TestAuthentication" name="test_login_admin_success" time="1.419" /><testcase classname="tests.test_ingestion_api.TestAuthentication" name="test_login_staff_success" time="1.375" /><testcase classname="tests.test_ingestion_api.TestAuthentication" name="test_login_invalid_credentials" time="1.152" /><testcase classname="tests.test_ingestion_api.TestIngestionUpload" name="test_upload_csv_file" time="3.099" /><testcase classname="tests.test_ingestion_api.TestIngestionUpload" name="test_upload_without_auth" time="0.039" /><testcase classname="tests.test_ingestion_api.TestIngestionUpload" name="test_upload_invalid_file_type" time="1.429" /><testcase classname="tests.test_ingestion_api.TestIngestionParse" name="test_parse_file" time="4.625" /><testcase classname="tests.test_ingestion_api.TestIngestionParse" name="test_parse_invalid_batch" time="2.526" /><testcase classname="tests.test_ingestion_api.TestIngestionImport" name="test_import_transactions" time="8.763" /><testcase classname="tests.test_ingestion_api.TestIngestionImport" name="test_import_missing_required_mapping" time="4.293" /><testcase classname="tests.test_ingestion_api.TestIngestionBatches" name="test_list_batches" time="2.555" /><testcase classname="tests.test_ingestion_api.TestIngestionBatches" name="test_list_batches_with_filter" time="2.717" /><testcase classname="tests.test_ingestion_api.TestIngestionBatches" name="test_get_batch_details" time="3.689" /><testcase classname="tests.test_ingestion_api.TestIngestionBatches" name="test_get_invalid_batch" time="2.521" /><testcase classname="tests.test_ingestion_api.TestIngestionRollback" name="test_rollback_invalid_batch" time="2.530" /><testcase classname="tests.test_ingestion_api.TestAccessControl" name="test_tax_agent_can_read_batches" time="2.519" /><testcase classname="tests.test_ingestion_api.TestAccessControl" name="test_tax_agent_cannot_upload" time="1.441" /></testsuite></testsuites>