<?xml version="1.0" encoding="utf-8"?><testsuites name="pytest tests"><testsuite name="pytest" errors="0" failures="0" skipped="0" tests="29" time="52.644" timestamp="2026-01-02T23:56:54.079558+00:00" hostname="agent-env-41a2bc39-b671-4d6d-bae2-2d3499492f26"><testcase classname="tests.test_reconciliation_api.TestPublicEndpoints" name="test_status_endpoint" time="0.070" /><testcase classname="tests.test_reconciliation_api.TestPublicEndpoints" name="test_sources_endpoint" time="0.043" /><testcase classname="tests.test_reconciliation_api.TestAuthentication" name="test_missing_api_key_returns_401" time="0.043" /><testcase classname="tests.test_reconciliation_api.TestAuthentication" name="test_invalid_api_key_returns_403" time="0.041" /><testcase classname="tests.test_reconciliation_api.TestAuthentication" name="test_valid_api_key_accepted" time="1.521" /><testcase classname="tests.test_reconciliation_api.TestGetMatches" name="test_get_matches_returns_list" time="1.154" /><testcase classname="tests.test_reconciliation_api.TestGetMatches" name="test_get_matches_with_status_filter" time="1.340" /><testcase classname="tests.test_reconciliation_api.TestGetMatches" name="test_get_matches_with_invalid_status" time="0.040" /><testcase classname="tests.test_reconciliation_api.TestGetMatches" name="test_get_matches_pagination" time="1.149" /><testcase classname="tests.test_reconciliation_api.TestGetSingleMatch" name="test_get_existing_match" time="2.480" /><testcase classname="tests.test_reconciliation_api.TestGetSingleMatch" name="test_get_nonexistent_match" time="1.151" /><testcase classname="tests.test_reconciliation_api.TestRunReconciliation" name="test_run_reconciliation_success" time="3.004" /><testcase classname="tests.test_reconciliation_api.TestRunReconciliation" name="test_run_reconciliation_invalid_source_type" time="0.054" /><testcase classname="tests.test_reconciliation_api.TestRunReconciliation" name="test_run_reconciliation_invalid_target_type" time="0.039" /><testcase classname="tests.test_reconciliation_api.TestRunReconciliation" name="test_run_reconciliation_with_specific_transactions" time="3.808" /><testcase classname="tests.test_reconciliation_api.TestFindCandidates" name="test_find_candidates_success" time="1.733" /><testcase classname="tests.test_reconciliation_api.TestFindCandidates" name="test_find_candidates_invalid_transaction" time="1.166" /><testcase classname="tests.test_reconciliation_api.TestFindCandidates" name="test_find_candidates_with_target_type_filter" time="1.337" /><testcase classname="tests.test_reconciliation_api.TestConfirmMatch" name="test_confirm_nonexistent_match" time="1.338" /><testcase classname="tests.test_reconciliation_api.TestConfirmMatch" name="test_confirm_match_with_user_id" time="1.147" /><testcase classname="tests.test_reconciliation_api.TestRejectMatch" name="test_reject_nonexistent_match" time="1.706" /><testcase classname="tests.test_reconciliation_api.TestRejectMatch" name="test_reject_match_with_reason" time="1.164" /><testcase classname="tests.test_reconciliation_api.TestGetStats" name="test_get_stats_success" time="1.334" /><testcase classname="tests.test_reconciliation_api.TestGetSuggestedMatches" name="test_get_suggested_matches" time="1.147" /><testcase classname="tests.test_reconciliation_api.TestGetSuggestedMatches" name="test_get_suggested_matches_with_limit" time="1.149" /><testcase classname="tests.test_reconciliation_api.TestMatchScoring" name="test_scoring_breakdown_structure" time="1.344" /><testcase classname="tests.test_reconciliation_api.TestSourceValidation" name="test_myfdc_source_recognized" time="2.497" /><testcase classname="tests.test_reconciliation_api.TestSourceValidation" name="test_all_valid_source_types" time="9.781" /><testcase classname="tests.test_reconciliation_api.TestSourceValidation" name="test_all_valid_target_types" time="9.775" /></testsuite></testsuites>