<?xml version="1.0" encoding="utf-8"?><testsuites name="pytest tests"><testsuite name="pytest" errors="0" failures="1" skipped="0" tests="29" time="53.386" timestamp="2026-01-02T23:55:30.856731+00:00" hostname="agent-env-41a2bc39-b671-4d6d-bae2-2d3499492f26"><testcase classname="tests.test_reconciliation_api.TestPublicEndpoints" name="test_status_endpoint" time="0.064" /><testcase classname="tests.test_reconciliation_api.TestPublicEndpoints" name="test_sources_endpoint" time="0.041" /><testcase classname="tests.test_reconciliation_api.TestAuthentication" name="test_missing_api_key_returns_401" time="0.039" /><testcase classname="tests.test_reconciliation_api.TestAuthentication" name="test_invalid_api_key_returns_403" time="0.043" /><testcase classname="tests.test_reconciliation_api.TestAuthentication" name="test_valid_api_key_accepted" time="1.522" /><testcase classname="tests.test_reconciliation_api.TestGetMatches" name="test_get_matches_returns_list" time="1.146" /><testcase classname="tests.test_reconciliation_api.TestGetMatches" name="test_get_matches_with_status_filter" time="1.328" /><testcase classname="tests.test_reconciliation_api.TestGetMatches" name="test_get_matches_with_invalid_status" time="0.043"><failure message="assert 520 == 400&#10; +  where 520 = &lt;Response [520]&gt;.status_code">tests/test_reconciliation_api.py:153: in test_get_matches_with_invalid_status
    assert response.status_code == 400
E   assert 520 == 400
E    +  where 520 = &lt;Response [520]&gt;.status_code</failure></testcase><testcase classname="tests.test_reconciliation_api.TestGetMatches" name="test_get_matches_pagination" time="1.145" /><testcase classname="tests.test_reconciliation_api.TestGetSingleMatch" name="test_get_existing_match" time="2.469" /><testcase classname="tests.test_reconciliation_api.TestGetSingleMatch" name="test_get_nonexistent_match" time="1.145" /><testcase classname="tests.test_reconciliation_api.TestRunReconciliation" name="test_run_reconciliation_success" time="4.013" /><testcase classname="tests.test_reconciliation_api.TestRunReconciliation" name="test_run_reconciliation_invalid_source_type" time="0.061" /><testcase classname="tests.test_reconciliation_api.TestRunReconciliation" name="test_run_reconciliation_invalid_target_type" time="0.042" /><testcase classname="tests.test_reconciliation_api.TestRunReconciliation" name="test_run_reconciliation_with_specific_transactions" time="3.748" /><testcase classname="tests.test_reconciliation_api.TestFindCandidates" name="test_find_candidates_success" time="1.704" /><testcase classname="tests.test_reconciliation_api.TestFindCandidates" name="test_find_candidates_invalid_transaction" time="1.166" /><testcase classname="tests.test_reconciliation_api.TestFindCandidates" name="test_find_candidates_with_target_type_filter" time="1.330" /><testcase classname="tests.test_reconciliation_api.TestConfirmMatch" name="test_confirm_nonexistent_match" time="1.330" /><testcase classname="tests.test_reconciliation_api.TestConfirmMatch" name="test_confirm_match_with_user_id" time="1.150" /><testcase classname="tests.test_reconciliation_api.TestRejectMatch" name="test_reject_nonexistent_match" time="1.701" /><testcase classname="tests.test_reconciliation_api.TestRejectMatch" name="test_reject_match_with_reason" time="1.164" /><testcase classname="tests.test_reconciliation_api.TestGetStats" name="test_get_stats_success" time="1.331" /><testcase classname="tests.test_reconciliation_api.TestGetSuggestedMatches" name="test_get_suggested_matches" time="1.145" /><testcase classname="tests.test_reconciliation_api.TestGetSuggestedMatches" name="test_get_suggested_matches_with_limit" time="1.155" /><testcase classname="tests.test_reconciliation_api.TestMatchScoring" name="test_scoring_breakdown_structure" time="1.333" /><testcase classname="tests.test_reconciliation_api.TestSourceValidation" name="test_myfdc_source_recognized" time="2.452" /><testcase classname="tests.test_reconciliation_api.TestSourceValidation" name="test_all_valid_source_types" time="9.669" /><testcase classname="tests.test_reconciliation_api.TestSourceValidation" name="test_all_valid_target_types" time="9.763" /></testsuite></testsuites>