<?xml version="1.0" encoding="utf-8"?><testsuites name="pytest tests"><testsuite name="pytest" errors="0" failures="1" skipped="0" tests="42" time="54.472" timestamp="2025-12-31T22:03:44.777899+00:00" hostname="agent-env-43ed03eb-eaa1-45c6-9238-148b21da00ef"><testcase classname="tests.test_sms_integration.TestSMSAuthentication" name="test_sms_status_no_auth_returns_401" time="0.098" /><testcase classname="tests.test_sms_integration.TestSMSAuthentication" name="test_sms_templates_no_auth_returns_401" time="0.043" /><testcase classname="tests.test_sms_integration.TestSMSAuthentication" name="test_sms_send_no_auth_returns_401" time="0.040" /><testcase classname="tests.test_sms_integration.TestSMSAuthentication" name="test_admin_can_access_sms_endpoints" time="1.386" /><testcase classname="tests.test_sms_integration.TestSMSAuthentication" name="test_staff_can_access_sms_endpoints" time="1.379" /><testcase classname="tests.test_sms_integration.TestSMSAuthentication" name="test_tax_agent_can_access_sms_endpoints" time="1.419" /><testcase classname="tests.test_sms_integration.TestSMSAuthentication" name="test_client_cannot_access_sms_endpoints" time="1.381" /><testcase classname="tests.test_sms_integration.TestSMSStatus" name="test_status_returns_correct_structure" time="1.396" /><testcase classname="tests.test_sms_integration.TestSMSStatus" name="test_status_shows_not_configured" time="1.377" /><testcase classname="tests.test_sms_integration.TestSMSStatus" name="test_status_shows_provider_twilio" time="1.379" /><testcase classname="tests.test_sms_integration.TestSMSStatus" name="test_status_shows_configuration_details" time="1.378" /><testcase classname="tests.test_sms_integration.TestSMSStatus" name="test_status_shows_templates_count" time="1.393" /><testcase classname="tests.test_sms_integration.TestSMSTemplates" name="test_templates_returns_all_9_templates" time="1.382" /><testcase classname="tests.test_sms_integration.TestSMSTemplates" name="test_templates_contains_expected_ids" time="1.381" /><testcase classname="tests.test_sms_integration.TestSMSTemplates" name="test_appointment_reminder_template_has_variables" time="1.416" /><testcase classname="tests.test_sms_integration.TestSMSTemplates" name="test_bas_lodged_template_has_variables" time="1.401" /><testcase classname="tests.test_sms_integration.TestSMSTemplates" name="test_verification_code_template_has_code_variable" time="1.378" /><testcase classname="tests.test_sms_integration.TestSMSSend" name="test_send_returns_503_when_not_configured" time="1.376" /><testcase classname="tests.test_sms_integration.TestSMSSend" name="test_send_with_australian_mobile_04_format" time="1.380" /><testcase classname="tests.test_sms_integration.TestSMSSend" name="test_send_with_e164_format" time="1.389" /><testcase classname="tests.test_sms_integration.TestSMSSend" name="test_send_with_61_prefix" time="1.373" /><testcase classname="tests.test_sms_integration.TestSMSSend" name="test_send_with_message_type" time="1.378" /><testcase classname="tests.test_sms_integration.TestSMSSend" name="test_send_with_client_id" time="1.374" /><testcase classname="tests.test_sms_integration.TestSMSSend" name="test_send_missing_to_returns_422" time="1.393" /><testcase classname="tests.test_sms_integration.TestSMSSend" name="test_send_missing_message_returns_422" time="1.396" /><testcase classname="tests.test_sms_integration.TestSMSSendTemplate" name="test_send_template_returns_503_when_not_configured" time="1.440" /><testcase classname="tests.test_sms_integration.TestSMSSendTemplate" name="test_send_template_appointment_reminder" time="1.375" /><testcase classname="tests.test_sms_integration.TestSMSSendTemplate" name="test_send_template_bas_lodged" time="1.386" /><testcase classname="tests.test_sms_integration.TestSMSSendTemplate" name="test_send_template_verification_code" time="1.375" /><testcase classname="tests.test_sms_integration.TestSMSSendTemplate" name="test_send_template_missing_template_id_returns_422" time="1.376" /><testcase classname="tests.test_sms_integration.TestSMSSendTemplate" name="test_send_template_missing_variables_returns_422" time="1.417" /><testcase classname="tests.test_sms_integration.TestPhoneNumberValidation" name="test_australian_mobile_04_format" time="1.393" /><testcase classname="tests.test_sms_integration.TestPhoneNumberValidation" name="test_australian_landline_02_format" time="1.381" /><testcase classname="tests.test_sms_integration.TestPhoneNumberValidation" name="test_e164_format_with_plus" time="1.379" /><testcase classname="tests.test_sms_integration.TestPhoneNumberValidation" name="test_61_prefix_without_plus" time="1.415" /><testcase classname="tests.test_sms_integration.TestPhoneNumberValidation" name="test_phone_with_spaces" time="1.394" /><testcase classname="tests.test_sms_integration.TestPhoneNumberValidation" name="test_phone_with_dashes" time="1.376" /><testcase classname="tests.test_sms_integration.TestMessageValidation" name="test_message_max_length_1600" time="1.375" /><testcase classname="tests.test_sms_integration.TestMessageValidation" name="test_message_exceeds_max_length" time="1.384" /><testcase classname="tests.test_sms_integration.TestMessageValidation" name="test_normal_message_length" time="1.438" /><testcase classname="tests.test_sms_integration.TestClientUserCreation" name="test_client_user_login" time="1.368" /><testcase classname="tests.test_sms_integration.TestClientBASAccess" name="test_client_can_access_bas_history" time="1.383"><failure message="AssertionError: Unexpected status: 422&#10;assert 422 in [200, 403]&#10; +  where 422 = &lt;Response [422]&gt;.status_code">tests/test_sms_integration.py:791: in test_client_can_access_bas_history
    assert response.status_code in [200, 403], f"Unexpected status: {response.status_code}"
E   AssertionError: Unexpected status: 422
E   assert 422 in [200, 403]
E    +  where 422 = &lt;Response [422]&gt;.status_code</failure></testcase></testsuite></testsuites>